TN:
SF:app/src/Couriers/Application/UseCases/CreateCourier.ts
FN:11,(anonymous_0)
FN:15,(anonymous_1)
FNF:2
FNH:2
FNDA:3,(anonymous_0)
FNDA:3,(anonymous_1)
DA:1,1
DA:4,1
DA:5,1
DA:7,1
DA:12,3
DA:16,3
DA:18,3
DA:19,1
DA:22,2
DA:24,1
LF:10
LH:10
BRDA:18,0,0,1
BRF:1
BRH:1
end_of_record
TN:
SF:app/src/Couriers/Application/UseCases/DeleteCourier.ts
FN:10,(anonymous_0)
FN:14,(anonymous_1)
FNF:2
FNH:2
FNDA:3,(anonymous_0)
FNDA:3,(anonymous_1)
DA:1,1
DA:2,1
DA:3,1
DA:6,1
DA:11,3
DA:15,3
DA:17,3
DA:19,3
DA:20,1
DA:23,2
DA:24,1
DA:27,1
LF:12
LH:12
BRDA:19,0,0,1
BRDA:23,1,0,1
BRF:2
BRH:2
end_of_record
TN:
SF:app/src/Couriers/Application/UseCases/LookupCourierCapacity.ts
FN:9,(anonymous_0)
FN:13,(anonymous_1)
FNF:2
FNH:2
FNDA:2,(anonymous_0)
FNDA:2,(anonymous_1)
DA:1,1
DA:5,1
DA:10,2
DA:14,2
DA:16,1
DA:19,1
LF:6
LH:6
BRF:0
BRH:0
end_of_record
TN:
SF:app/src/Couriers/Application/UseCases/UpdateCourier.ts
FN:10,(anonymous_0)
FN:14,(anonymous_1)
FNF:2
FNH:2
FNDA:3,(anonymous_0)
FNDA:3,(anonymous_1)
DA:1,1
DA:2,1
DA:3,1
DA:6,1
DA:11,3
DA:15,3
DA:16,3
DA:18,3
DA:20,3
DA:21,1
DA:24,2
DA:26,1
LF:12
LH:12
BRDA:20,0,0,1
BRF:1
BRH:1
end_of_record
TN:
SF:app/src/Couriers/Application/UseCases/UpdateCourierAvailableCapcity.ts
FN:10,(anonymous_0)
FN:14,(anonymous_1)
FNF:2
FNH:2
FNDA:7,(anonymous_0)
FNDA:7,(anonymous_1)
DA:1,1
DA:2,1
DA:3,1
DA:6,1
DA:11,7
DA:15,7
DA:16,7
DA:17,6
DA:19,5
DA:21,5
DA:22,1
DA:25,4
DA:26,3
DA:28,2
LF:14
LH:14
BRDA:21,0,0,1
BRF:1
BRH:1
end_of_record
TN:
SF:app/src/Couriers/Domain/Entities/Courier.ts
FN:11,(anonymous_0)
FN:21,(anonymous_1)
FN:25,(anonymous_2)
FN:29,(anonymous_3)
FN:33,(anonymous_4)
FN:42,(anonymous_5)
FN:47,(anonymous_6)
FN:58,(anonymous_7)
FN:67,(anonymous_8)
FN:75,(anonymous_9)
FN:83,(anonymous_10)
FNF:11
FNH:11
FNDA:13,(anonymous_0)
FNDA:3,(anonymous_1)
FNDA:17,(anonymous_2)
FNDA:8,(anonymous_3)
FNDA:2,(anonymous_4)
FNDA:6,(anonymous_5)
FNDA:4,(anonymous_6)
FNDA:3,(anonymous_7)
FNDA:1,(anonymous_8)
FNDA:1,(anonymous_9)
FNDA:9,(anonymous_10)
DA:2,5
DA:3,5
DA:4,5
DA:5,5
DA:6,5
DA:7,5
DA:9,5
DA:12,13
DA:13,13
DA:14,13
DA:16,13
DA:17,1
DA:22,3
DA:26,17
DA:30,8
DA:34,2
DA:35,1
DA:38,1
DA:39,1
DA:43,6
DA:48,4
DA:50,4
DA:51,1
DA:54,3
DA:55,3
DA:59,3
DA:60,3
DA:61,2
DA:63,1
DA:68,1
DA:76,1
DA:84,9
LF:32
LH:32
BRDA:16,0,0,1
BRDA:34,1,0,1
BRDA:43,2,0,6
BRDA:43,2,1,3
BRDA:50,3,0,1
BRDA:50,4,0,4
BRDA:50,4,1,2
BRF:7
BRH:7
end_of_record
TN:
SF:app/src/Couriers/Domain/Exceptions/AvailableCapacityCantBeGreaterThanMaximumCapacity.ts
FN:5,(anonymous_0)
FNF:1
FNH:1
FNDA:1,(anonymous_0)
DA:1,5
DA:3,5
DA:6,1
DA:9,1
LF:4
LH:4
BRF:0
BRH:0
end_of_record
TN:
SF:app/src/Couriers/Domain/Exceptions/CantDeleteCourierIfIsDelivering.ts
FN:5,(anonymous_0)
FNF:1
FNH:1
FNDA:1,(anonymous_0)
DA:1,1
DA:3,1
DA:6,1
DA:9,1
LF:4
LH:4
BRF:0
BRH:0
end_of_record
TN:
SF:app/src/Couriers/Domain/Exceptions/CantUpdateMaximumCapacityIfCourierIsDelivering.ts
FN:5,(anonymous_0)
FNF:1
FNH:1
FNDA:1,(anonymous_0)
DA:1,5
DA:3,5
DA:6,1
DA:9,1
LF:4
LH:4
BRF:0
BRH:0
end_of_record
TN:
SF:app/src/Couriers/Domain/Exceptions/CourierAlreadyExists.ts
FN:5,(anonymous_0)
FNF:1
FNH:1
FNDA:1,(anonymous_0)
DA:1,1
DA:3,1
DA:6,1
DA:12,1
LF:4
LH:4
BRF:0
BRH:0
end_of_record
TN:
SF:app/src/Couriers/Domain/Exceptions/CourierCannotExceedMaximumCapacity.ts
FN:5,(anonymous_0)
FNF:1
FNH:1
FNDA:1,(anonymous_0)
DA:1,5
DA:3,5
DA:6,1
DA:11,1
LF:4
LH:4
BRF:0
BRH:0
end_of_record
TN:
SF:app/src/Couriers/Domain/Exceptions/CourierNotFound.ts
FN:5,(anonymous_0)
FNF:1
FNH:1
FNDA:3,(anonymous_0)
DA:1,3
DA:3,3
DA:6,3
DA:12,3
LF:4
LH:4
BRF:0
BRH:0
end_of_record
TN:
SF:app/src/Couriers/Domain/Exceptions/CourierNotHavePackageToDelivery.ts
FN:5,(anonymous_0)
FNF:1
FNH:1
FNDA:1,(anonymous_0)
DA:1,5
DA:3,5
DA:6,1
DA:9,1
LF:4
LH:4
BRF:0
BRH:0
end_of_record
TN:
SF:app/src/Shared/Exceptions/BaseException.ts
FN:3,(anonymous_0)
FN:11,(anonymous_1)
FN:15,(anonymous_2)
FNF:3
FNH:3
FNDA:16,(anonymous_0)
FNDA:1,(anonymous_1)
FNDA:1,(anonymous_2)
DA:1,7
DA:4,16
DA:5,16
DA:7,16
DA:8,16
DA:12,1
DA:16,1
LF:7
LH:7
BRF:0
BRH:0
end_of_record
TN:
SF:app/src/Shared/Exceptions/InvalidPositiveNumber.ts
FN:5,(anonymous_0)
FNF:1
FNH:1
FNDA:7,(anonymous_0)
DA:1,7
DA:3,7
DA:6,7
DA:12,7
LF:4
LH:4
BRF:0
BRH:0
end_of_record
TN:
SF:app/src/Shared/VOs/Id.ts
FN:3,(anonymous_0)
FN:7,(anonymous_1)
FNF:2
FNH:2
FNDA:30,(anonymous_0)
FNDA:6,(anonymous_1)
DA:1,5
DA:4,30
DA:8,6
LF:3
LH:3
BRF:0
BRH:0
end_of_record
TN:
SF:app/src/Shared/VOs/PositiveNumber.ts
FN:5,(anonymous_0)
FN:11,(anonymous_1)
FN:15,(anonymous_2)
FN:19,(anonymous_3)
FN:23,(anonymous_4)
FN:27,(anonymous_5)
FN:31,(anonymous_6)
FN:35,(anonymous_7)
FNF:8
FNH:8
FNDA:58,(anonymous_0)
FNDA:36,(anonymous_1)
FNDA:3,(anonymous_2)
FNDA:3,(anonymous_3)
FNDA:20,(anonymous_4)
FNDA:6,(anonymous_5)
FNDA:6,(anonymous_6)
FNDA:58,(anonymous_7)
DA:1,6
DA:3,6
DA:6,58
DA:8,58
DA:12,36
DA:16,3
DA:20,3
DA:24,20
DA:28,6
DA:32,6
DA:36,58
DA:37,5
LF:12
LH:12
BRDA:36,0,0,5
BRF:1
BRH:1
end_of_record
